#
# There is insufficient memory for the Java Runtime Environment to continue.
# Native memory allocation (mmap) failed to map 2122317824 bytes for G1 virtual space
# Possible reasons:
#   The system is out of physical RAM or swap space
#   The process is running with CompressedOops enabled, and the Java Heap may be blocking the growth of the native heap
# Possible solutions:
#   Reduce memory load on the system
#   Increase physical memory or swap space
#   Check if swap backing store is full
#   Decrease Java heap size (-Xmx/-Xms)
#   Decrease number of Java threads
#   Decrease Java thread stack sizes (-Xss)
#   Set larger code cache with -XX:ReservedCodeCacheSize=
#   JVM is running with Unscaled Compressed Oops mode in which the Java heap is
#     placed in the first 4GB address space. The Java Heap base address is the
#     maximum limit for the native heap growth. Please use -XX:HeapBaseMinAddress
#     to set the Java Heap base and to place the Java Heap above 4GB virtual address.
# This output file may be truncated or incomplete.
#
#  Out of Memory Error (os_windows.cpp:3550), pid=10760, tid=2604
#
# JRE version:  (17.0.8+9) (build )
# Java VM: Java HotSpot(TM) 64-Bit Server VM (17.0.8+9-LTS-211, mixed mode, sharing, tiered, compressed oops, compressed class ptrs, g1 gc, windows-amd64)
# No core dump will be written. Minidumps are not enabled by default on client versions of Windows
#

---------------  S U M M A R Y ------------

Command Line: -Dfile.encoding=UTF-8 -Xms2024m --module-path=C:\Users\dell\Documents\NetBeansProjects\college Management System\build\classes college.management.system.examdetails

Host: Intel(R) Core(TM) i5-3340M CPU @ 2.70GHz, 4 cores, 3G,  Windows 10 , 64 bit Build 19041 (10.0.19041.3636)
Time: Mon Mar 11 14:34:42 2024 India Standard Time elapsed time: 0.029943 seconds (0d 0h 0m 0s)

---------------  T H R E A D  ---------------

Current thread (0x0000015920bb1970):  JavaThread "Unknown thread" [_thread_in_vm, id=2604, stack(0x0000001ec5800000,0x0000001ec5900000)]

Stack: [0x0000001ec5800000,0x0000001ec5900000]
Native frames: (J=compiled Java code, j=interpreted, Vv=VM code, C=native code)
V  [jvm.dll+0x677d0a]
V  [jvm.dll+0x7d8c54]
V  [jvm.dll+0x7da3fe]
V  [jvm.dll+0x7daa63]
V  [jvm.dll+0x245c5f]
V  [jvm.dll+0x674bb9]
V  [jvm.dll+0x6694f2]
V  [jvm.dll+0x3031d6]
V  [jvm.dll+0x30a756]
V  [jvm.dll+0x359f9e]
V  [jvm.dll+0x35a1cf]
V  [jvm.dll+0x2da3e8]
V  [jvm.dll+0x2db354]
V  [jvm.dll+0x7aa711]
V  [jvm.dll+0x367b51]
V  [jvm.dll+0x789979]
V  [jvm.dll+0x3eb05f]
V  [jvm.dll+0x3ecae1]
C  [jli.dll+0x5297]
C  [ucrtbase.dll+0x21bb2]
C  [KERNEL32.DLL+0x17344]
C  [ntdll.dll+0x526b1]


---------------  P R O C E S S  ---------------

Threads class SMR info:
_java_thread_list=0x00007fff908e59d8, length=0, elements={
}

Java Threads: ( => current thread )

Other Threads:
  0x0000015920c0a4e0 GCTaskThread "GC Thread#0" [stack: 0x0000001ec5900000,0x0000001ec5a00000] [id=17612]
  0x0000015920c1c530 ConcurrentGCThread "G1 Main Marker" [stack: 0x0000001ec5a00000,0x0000001ec5b00000] [id=10628]
  0x0000015920c1cf40 ConcurrentGCThread "G1 Conc#0" [stack: 0x0000001ec5b00000,0x0000001ec5c00000] [id=18720]

[error occurred during error reporting (printing all threads), id 0xc0000005, EXCEPTION_ACCESS_VIOLATION (0xc0000005) at pc=0x00007fff9011b047]

VM state: not at safepoint (not fully initialized)

VM Mutex/Monitor currently owned by a thread:  ([mutex/lock_event])
[0x0000015920bae440] Heap_lock - owner thread: 0x0000015920bb1970

Heap address: 0x0000000081800000, size: 2024 MB, Compressed Oops mode: 32-bit

CDS archive(s) mapped at: [0x0000000000000000-0x0000000000000000-0x0000000000000000), size 0, SharedBaseAddress: 0x0000000800000000, ArchiveRelocationMode: 1.
Narrow klass base: 0x0000000000000000, Narrow klass shift: 0, Narrow klass range: 0x0

GC Precious Log:
<Empty>

Heap:
 garbage-first heap   total 0K, used 0K [0x0000000081800000, 0x0000000100000000)
  region size 1024K, 0 young (0K), 0 survivors (0K)

[error occurred during error reporting (printing heap information), id 0xc0000005, EXCEPTION_ACCESS_VIOLATION (0xc0000005) at pc=0x00007fff90501499]

GC Heap History (0 events):
No events

Deoptimization events (0 events):
No events

Classes unloaded (0 events):
No events

Classes redefined (0 events):
No events

Internal exceptions (0 events):
No events

VM Operations (0 events):
No events

Events (1 events):
Event: 0.013 Loaded shared library C:\Program Files\Java\jdk-17\bin\java.dll


Dynamic libraries:
0x00007ff64fa80000 - 0x00007ff64fa90000 	C:\Program Files\Java\jdk-17\bin\java.exe
0x00007fffe3db0000 - 0x00007fffe3fa8000 	C:\Windows\SYSTEM32\ntdll.dll
0x00007fffe3b10000 - 0x00007fffe3bcd000 	C:\Windows\System32\KERNEL32.DLL
0x00007fffe1470000 - 0x00007fffe1766000 	C:\Windows\System32\KERNELBASE.dll
0x00007fffe1a70000 - 0x00007fffe1b70000 	C:\Windows\System32\ucrtbase.dll
0x00007fffd3740000 - 0x00007fffd3759000 	C:\Program Files\Java\jdk-17\bin\jli.dll
0x00007fffe2290000 - 0x00007fffe2343000 	C:\Windows\System32\ADVAPI32.dll
0x00007fffdd200000 - 0x00007fffdd21b000 	C:\Program Files\Java\jdk-17\bin\VCRUNTIME140.dll
0x00007fffe1ec0000 - 0x00007fffe1f5e000 	C:\Windows\System32\msvcrt.dll
0x00007fffe2560000 - 0x00007fffe25ff000 	C:\Windows\System32\sechost.dll
0x00007fffe26e0000 - 0x00007fffe2806000 	C:\Windows\System32\RPCRT4.dll
0x00007fffe1920000 - 0x00007fffe1947000 	C:\Windows\System32\bcrypt.dll
0x00007fffe3bd0000 - 0x00007fffe3d6e000 	C:\Windows\System32\USER32.dll
0x00007fffe1c60000 - 0x00007fffe1c82000 	C:\Windows\System32\win32u.dll
0x00007fffe2260000 - 0x00007fffe228b000 	C:\Windows\System32\GDI32.dll
0x00007fffe1800000 - 0x00007fffe1917000 	C:\Windows\System32\gdi32full.dll
0x00007fffe1b70000 - 0x00007fffe1c0d000 	C:\Windows\System32\msvcp_win.dll
0x00007fffd1bc0000 - 0x00007fffd1e5a000 	C:\Windows\WinSxS\amd64_microsoft.windows.common-controls_6595b64144ccf1df_6.0.19041.3636_none_60b6a03d71f818d5\COMCTL32.dll
0x00007fffd19f0000 - 0x00007fffd19fa000 	C:\Windows\SYSTEM32\VERSION.dll
0x00007fffe29a0000 - 0x00007fffe29d2000 	C:\Windows\System32\IMM32.DLL
0x00007fffdd350000 - 0x00007fffdd35c000 	C:\Program Files\Java\jdk-17\bin\vcruntime140_1.dll
0x00007fffd4a00000 - 0x00007fffd4a8e000 	C:\Program Files\Java\jdk-17\bin\msvcp140.dll
0x00007fff8fe30000 - 0x00007fff90a0e000 	C:\Program Files\Java\jdk-17\bin\server\jvm.dll
0x00007fffe1df0000 - 0x00007fffe1df8000 	C:\Windows\System32\PSAPI.DLL
0x00007fffd16f0000 - 0x00007fffd1717000 	C:\Windows\SYSTEM32\WINMM.dll
0x00007fffdd360000 - 0x00007fffdd369000 	C:\Windows\SYSTEM32\WSOCK32.dll
0x00007fffe2810000 - 0x00007fffe287b000 	C:\Windows\System32\WS2_32.dll
0x00007fffdf320000 - 0x00007fffdf332000 	C:\Windows\SYSTEM32\kernel.appcore.dll
0x00007fffdc1d0000 - 0x00007fffdc1da000 	C:\Program Files\Java\jdk-17\bin\jimage.dll
0x00007fffd02f0000 - 0x00007fffd04d4000 	C:\Windows\SYSTEM32\DBGHELP.DLL
0x00007fffd0150000 - 0x00007fffd0184000 	C:\Windows\SYSTEM32\dbgcore.DLL
0x00007fffe1770000 - 0x00007fffe17f2000 	C:\Windows\System32\bcryptPrimitives.dll
0x00007fffda800000 - 0x00007fffda825000 	C:\Program Files\Java\jdk-17\bin\java.dll

dbghelp: loaded successfully - version: 4.0.5 - missing functions: none
symbol engine: initialized successfully - sym options: 0x614 - pdb path: .;C:\Program Files\Java\jdk-17\bin;C:\Windows\SYSTEM32;C:\Windows\WinSxS\amd64_microsoft.windows.common-controls_6595b64144ccf1df_6.0.19041.3636_none_60b6a03d71f818d5;C:\Program Files\Java\jdk-17\bin\server

VM Arguments:
jvm_args: -Dfile.encoding=UTF-8 -Xms2024m --module-path=C:\Users\dell\Documents\NetBeansProjects\college Management System\build\classes 
java_command: college.management.system.examdetails
java_class_path (initial): C:\Users\dell\Documents\mysql-connector-java-8.0.28.jar;C:\Users\dell\Documents\jcalendar-tz-1.3.3-4.jar;C:\Users\dell\Documents\rs2xml.jar;C:\Users\dell\Documents\NetBeansProjects\college Management System\build\classes
Launcher Type: SUN_STANDARD

[Global flags]
     intx CICompilerCount                          = 3                                         {product} {ergonomic}
     uint ConcGCThreads                            = 1                                         {product} {ergonomic}
     uint G1ConcRefinementThreads                  = 4                                         {product} {ergonomic}
   size_t G1HeapRegionSize                         = 1048576                                   {product} {ergonomic}
    uintx GCDrainStackTargetSize                   = 64                                        {product} {ergonomic}
   size_t InitialHeapSize                          = 2122317824                                {product} {command line}
   size_t MarkStackSize                            = 4194304                                   {product} {ergonomic}
   size_t MaxHeapSize                              = 2122317824                                {product} {ergonomic}
   size_t MinHeapDeltaBytes                        = 1048576                                   {product} {ergonomic}
   size_t MinHeapSize                              = 2122317824                                {product} {command line}
    uintx NonNMethodCodeHeapSize                   = 5832780                                {pd product} {ergonomic}
    uintx NonProfiledCodeHeapSize                  = 122912730                              {pd product} {ergonomic}
    uintx ProfiledCodeHeapSize                     = 122912730                              {pd product} {ergonomic}
    uintx ReservedCodeCacheSize                    = 251658240                              {pd product} {ergonomic}
     bool SegmentedCodeCache                       = true                                      {product} {ergonomic}
   size_t SoftMaxHeapSize                          = 2122317824                             {manageable} {ergonomic}
     bool UseCompressedClassPointers               = true                           {product lp64_product} {ergonomic}
     bool UseCompressedOops                        = true                           {product lp64_product} {ergonomic}
     bool UseG1GC                                  = true                                      {product} {ergonomic}
     bool UseLargePagesIndividualAllocation        = false                                  {pd product} {ergonomic}

Logging:
Log output configuration:
 #0: stdout all=warning uptime,level,tags
 #1: stderr all=off uptime,level,tags

Environment Variables:
PATH=C:\Program Files\Common Files\Oracle\Java\javapath;C:\Windows\system32;C:\Windows;C:\Windows\System32\Wbem;C:\Windows\System32\WindowsPowerShell\v1.0\;C:\Windows\System32\OpenSSH\;C:\Program Files\Java\jdk-17\bin;C:\Program Files\MySQL\MySQL Server 8.0\bin;C:\Program Files\MySQL\MySQL Shell 8.0\bin\;C:\Users\dell\AppData\Local\Programs\Python\Launcher\;C:\Users\dell\AppData\Local\Microsoft\WindowsApps;C:\Program Files\Java\jdk-17\bin;;C:\Users\dell\AppData\Local\Programs\Microsoft VS Code\bin
USERNAME=dell
OS=Windows_NT
PROCESSOR_IDENTIFIER=Intel64 Family 6 Model 58 Stepping 9, GenuineIntel



---------------  S Y S T E M  ---------------

OS:
 Windows 10 , 64 bit Build 19041 (10.0.19041.3636)
OS uptime: 0 days 5:53 hours

CPU: total 4 (initial active 4) (2 cores per cpu, 2 threads per core) family 6 model 58 stepping 9 microcode 0x21, cx8, cmov, fxsr, ht, mmx, sse, sse2, sse3, ssse3, sse4.1, sse4.2, popcnt, tsc, tscinvbit, avx, aes, erms, clmul, vzeroupper, clflush

Memory: 4k page, system-wide physical 3999M (885M free)
TotalPageFile size 15960M (AvailPageFile size 608M)
current process WorkingSet (physical memory assigned to process): 10M, peak: 10M
current process commit charge ("private bytes"): 51M, peak: 2075M

vm_info: Java HotSpot(TM) 64-Bit Server VM (17.0.8+9-LTS-211) for windows-amd64 JRE (17.0.8+9-LTS-211), built on Jun 14 2023 10:34:31 by "mach5one" with MS VC++ 17.1 (VS2022)

END.
