#
# There is insufficient memory for the Java Runtime Environment to continue.
# Native memory allocation (malloc) failed to allocate 32744 bytes for ChunkPool::allocate
# Possible reasons:
#   The system is out of physical RAM or swap space
#   The process is running with CompressedOops enabled, and the Java Heap may be blocking the growth of the native heap
# Possible solutions:
#   Reduce memory load on the system
#   Increase physical memory or swap space
#   Check if swap backing store is full
#   Decrease Java heap size (-Xmx/-Xms)
#   Decrease number of Java threads
#   Decrease Java thread stack sizes (-Xss)
#   Set larger code cache with -XX:ReservedCodeCacheSize=
#   JVM is running with Unscaled Compressed Oops mode in which the Java heap is
#     placed in the first 4GB address space. The Java Heap base address is the
#     maximum limit for the native heap growth. Please use -XX:HeapBaseMinAddress
#     to set the Java Heap base and to place the Java Heap above 4GB virtual address.
# This output file may be truncated or incomplete.
#
#  Out of Memory Error (arena.cpp:78), pid=15456, tid=16084
#
# JRE version: Java(TM) SE Runtime Environment (17.0.8+9) (build 17.0.8+9-LTS-211)
# Java VM: Java HotSpot(TM) 64-Bit Server VM (17.0.8+9-LTS-211, mixed mode, sharing, tiered, compressed oops, compressed class ptrs, g1 gc, windows-amd64)
# No core dump will be written. Minidumps are not enabled by default on client versions of Windows
#

---------------  S U M M A R Y ------------

Command Line: -Dfile.encoding=UTF-8 --module-path=C:\Users\dell\Documents\NetBeansProjects\college Management System\build\classes college.management.system.project

Host: Intel(R) Core(TM) i5-3340M CPU @ 2.70GHz, 4 cores, 3G,  Windows 10 , 64 bit Build 19041 (10.0.19041.3636)
Time: Mon Mar 11 01:00:04 2024 India Standard Time elapsed time: 2471.084606 seconds (0d 0h 41m 11s)

---------------  T H R E A D  ---------------

Current thread (0x00000257b5e76580):  JavaThread "C1 CompilerThread0" daemon [_thread_in_native, id=16084, stack(0x0000008f3d100000,0x0000008f3d200000)]


Current CompileTask:
C1:2471084 1031  s    3       sun.awt.windows.WDesktopProperties::setFontProperty (153 bytes)

Stack: [0x0000008f3d100000,0x0000008f3d200000]
Native frames: (J=compiled Java code, j=interpreted, Vv=VM code, C=native code)
V  [jvm.dll+0x677d0a]
V  [jvm.dll+0x7d8c54]
V  [jvm.dll+0x7da3fe]
V  [jvm.dll+0x7daa63]
V  [jvm.dll+0x245c5f]
V  [jvm.dll+0xaacc0]
V  [jvm.dll+0xab00c]
V  [jvm.dll+0x17b18f]
V  [jvm.dll+0x179dab]
V  [jvm.dll+0x134d83]
V  [jvm.dll+0x13468f]
V  [jvm.dll+0x1348c8]
V  [jvm.dll+0x133d61]
V  [jvm.dll+0x135a0d]
V  [jvm.dll+0x2270be]
V  [jvm.dll+0x22535b]
V  [jvm.dll+0x78e7bc]
V  [jvm.dll+0x788bba]
V  [jvm.dll+0x676b35]
C  [ucrtbase.dll+0x21bb2]
C  [KERNEL32.DLL+0x17344]
C  [ntdll.dll+0x526b1]


---------------  P R O C E S S  ---------------

Threads class SMR info:
_java_thread_list=0x00000257fbc9d360, length=16, elements={
0x000002579acef450, 0x000002579acf27f0, 0x000002579ad01d20, 0x000002579ad035f0,
0x000002579ad07310, 0x000002579ad0ace0, 0x00000257b5e76070, 0x00000257b5e76580,
0x000002579ad0e910, 0x000002579acdba90, 0x00000257fb19e5f0, 0x00000257fb383450,
0x00000257fb384130, 0x00000257fb36b050, 0x00000257fbb91cf0, 0x00000257fbc4a2e0
}

Java Threads: ( => current thread )
  0x000002579acef450 JavaThread "Reference Handler" daemon [_thread_blocked, id=17152, stack(0x0000008f3ca00000,0x0000008f3cb00000)]
  0x000002579acf27f0 JavaThread "Finalizer" daemon [_thread_blocked, id=17008, stack(0x0000008f3cb00000,0x0000008f3cc00000)]
  0x000002579ad01d20 JavaThread "Signal Dispatcher" daemon [_thread_blocked, id=12480, stack(0x0000008f3cc00000,0x0000008f3cd00000)]
  0x000002579ad035f0 JavaThread "Attach Listener" daemon [_thread_blocked, id=12900, stack(0x0000008f3cd00000,0x0000008f3ce00000)]
  0x000002579ad07310 JavaThread "Service Thread" daemon [_thread_blocked, id=16476, stack(0x0000008f3ce00000,0x0000008f3cf00000)]
  0x000002579ad0ace0 JavaThread "Monitor Deflation Thread" daemon [_thread_blocked, id=16320, stack(0x0000008f3cf00000,0x0000008f3d000000)]
  0x00000257b5e76070 JavaThread "C2 CompilerThread0" daemon [_thread_blocked, id=8448, stack(0x0000008f3d000000,0x0000008f3d100000)]
=>0x00000257b5e76580 JavaThread "C1 CompilerThread0" daemon [_thread_in_native, id=16084, stack(0x0000008f3d100000,0x0000008f3d200000)]
  0x000002579ad0e910 JavaThread "Sweeper thread" daemon [_thread_blocked, id=15640, stack(0x0000008f3d200000,0x0000008f3d300000)]
  0x000002579acdba90 JavaThread "Common-Cleaner" daemon [_thread_blocked, id=16756, stack(0x0000008f3d300000,0x0000008f3d400000)]
  0x00000257fb19e5f0 JavaThread "Notification Thread" daemon [_thread_blocked, id=2296, stack(0x0000008f3d400000,0x0000008f3d500000)]
  0x00000257fb383450 JavaThread "Java2D Disposer" daemon [_thread_blocked, id=7704, stack(0x0000008f3d600000,0x0000008f3d700000)]
  0x00000257fb384130 JavaThread "AWT-Shutdown" [_thread_blocked, id=11076, stack(0x0000008f3d700000,0x0000008f3d800000)]
  0x00000257fb36b050 JavaThread "AWT-Windows" daemon [_thread_in_native, id=16692, stack(0x0000008f3d800000,0x0000008f3d900000)]
  0x00000257fbb91cf0 JavaThread "AWT-EventQueue-0" [_thread_blocked, id=17300, stack(0x0000008f3db00000,0x0000008f3dc00000)]
  0x00000257fbc4a2e0 JavaThread "DestroyJavaVM" [_thread_blocked, id=15668, stack(0x0000008f3c300000,0x0000008f3c400000)]

Other Threads:
  0x000002579acea080 VMThread "VM Thread" [stack: 0x0000008f3c900000,0x0000008f3ca00000] [id=4348]
  0x00000257fb19eec0 WatcherThread [stack: 0x0000008f3d500000,0x0000008f3d600000] [id=16236]
  0x000002579ac6db40 GCTaskThread "GC Thread#0" [stack: 0x0000008f3c400000,0x0000008f3c500000] [id=15824]
  0x00000257fb4db900 GCTaskThread "GC Thread#1" [stack: 0x0000008f3dc00000,0x0000008f3dd00000] [id=7424]
  0x00000257fb4dbbb0 GCTaskThread "GC Thread#2" [stack: 0x0000008f3dd00000,0x0000008f3de00000] [id=15388]
  0x00000257fb4dc470 GCTaskThread "GC Thread#3" [stack: 0x0000008f3de00000,0x0000008f3df00000] [id=15408]
  0x000002579ac76690 ConcurrentGCThread "G1 Main Marker" [stack: 0x0000008f3c500000,0x0000008f3c600000] [id=1324]
  0x000002579ac78760 ConcurrentGCThread "G1 Conc#0" [stack: 0x0000008f3c600000,0x0000008f3c700000] [id=17168]
  0x000002579acc8200 ConcurrentGCThread "G1 Refine#0" [stack: 0x0000008f3c700000,0x0000008f3c800000] [id=5224]
  0x000002579acc8b30 ConcurrentGCThread "G1 Service" [stack: 0x0000008f3c800000,0x0000008f3c900000] [id=15776]

Threads with active compile tasks:
C1 CompilerThread0  2471152 1031  s    3       sun.awt.windows.WDesktopProperties::setFontProperty (153 bytes)

VM state: not at safepoint (normal execution)

VM Mutex/Monitor currently owned by a thread: None

Heap address: 0x00000000c1800000, size: 1000 MB, Compressed Oops mode: 32-bit

CDS archive(s) mapped at: [0x00000257b6000000-0x00000257b6bd0000-0x00000257b6bd0000), size 12386304, SharedBaseAddress: 0x00000257b6000000, ArchiveRelocationMode: 1.
Compressed class space mapped at: 0x00000257b7000000-0x00000257f7000000, reserved size: 1073741824
Narrow klass base: 0x00000257b6000000, Narrow klass shift: 0, Narrow klass range: 0x100000000

GC Precious Log:
 CPUs: 4 total, 4 available
 Memory: 3999M
 Large Page Support: Disabled
 NUMA Support: Disabled
 Compressed Oops: Enabled (32-bit)
 Heap Region Size: 1M
 Heap Min Capacity: 8M
 Heap Initial Capacity: 64M
 Heap Max Capacity: 1000M
 Pre-touch: Disabled
 Parallel Workers: 4
 Concurrent Workers: 1
 Concurrent Refinement Workers: 4
 Periodic GC: Disabled

Heap:
 garbage-first heap   total 65536K, used 15013K [0x00000000c1800000, 0x0000000100000000)
  region size 1024K, 4 young (4096K), 2 survivors (2048K)
 Metaspace       used 7544K, committed 7744K, reserved 1114112K
  class space    used 818K, committed 960K, reserved 1048576K

Heap Regions: E=young(eden), S=young(survivor), O=old, HS=humongous(starts), HC=humongous(continues), CS=collection set, F=free, OA=open archive, CA=closed archive, TAMS=top-at-mark-start (previous, next)
|   0|0x00000000c1800000, 0x00000000c1900000, 0x00000000c1900000|100%|HS|  |TAMS 0x00000000c1800000, 0x00000000c1800000| Complete 
|   1|0x00000000c1900000, 0x00000000c1a00000, 0x00000000c1a00000|100%|HC|  |TAMS 0x00000000c1900000, 0x00000000c1900000| Complete 
|   2|0x00000000c1a00000, 0x00000000c1b00000, 0x00000000c1b00000|100%|HS|  |TAMS 0x00000000c1a00000, 0x00000000c1a00000| Complete 
|   3|0x00000000c1b00000, 0x00000000c1c00000, 0x00000000c1c00000|100%|HC|  |TAMS 0x00000000c1b00000, 0x00000000c1b00000| Complete 
|   4|0x00000000c1c00000, 0x00000000c1d00000, 0x00000000c1d00000|100%|HC|  |TAMS 0x00000000c1c00000, 0x00000000c1c00000| Complete 
|   5|0x00000000c1d00000, 0x00000000c1e00000, 0x00000000c1e00000|100%|HC|  |TAMS 0x00000000c1d00000, 0x00000000c1d00000| Complete 
|   6|0x00000000c1e00000, 0x00000000c1f00000, 0x00000000c1f00000|100%|HC|  |TAMS 0x00000000c1e00000, 0x00000000c1e00000| Complete 
|   7|0x00000000c1f00000, 0x00000000c1fa9400, 0x00000000c2000000| 66%| O|  |TAMS 0x00000000c1f00000, 0x00000000c1f00000| Untracked 
|   8|0x00000000c2000000, 0x00000000c2100000, 0x00000000c2100000|100%|HS|  |TAMS 0x00000000c2000000, 0x00000000c2000000| Complete 
|   9|0x00000000c2100000, 0x00000000c2200000, 0x00000000c2200000|100%|HC|  |TAMS 0x00000000c2100000, 0x00000000c2100000| Complete 
|  10|0x00000000c2200000, 0x00000000c2300000, 0x00000000c2300000|100%|HC|  |TAMS 0x00000000c2200000, 0x00000000c2200000| Complete 
|  11|0x00000000c2300000, 0x00000000c2400000, 0x00000000c2400000|100%|HC|  |TAMS 0x00000000c2300000, 0x00000000c2300000| Complete 
|  12|0x00000000c2400000, 0x00000000c2400000, 0x00000000c2500000|  0%| F|  |TAMS 0x00000000c2400000, 0x00000000c2400000| Untracked 
|  13|0x00000000c2500000, 0x00000000c2500000, 0x00000000c2600000|  0%| F|  |TAMS 0x00000000c2500000, 0x00000000c2500000| Untracked 
|  14|0x00000000c2600000, 0x00000000c2600000, 0x00000000c2700000|  0%| F|  |TAMS 0x00000000c2600000, 0x00000000c2600000| Untracked 
|  15|0x00000000c2700000, 0x00000000c2700000, 0x00000000c2800000|  0%| F|  |TAMS 0x00000000c2700000, 0x00000000c2700000| Untracked 
|  16|0x00000000c2800000, 0x00000000c2800000, 0x00000000c2900000|  0%| F|  |TAMS 0x00000000c2800000, 0x00000000c2800000| Untracked 
|  17|0x00000000c2900000, 0x00000000c2900000, 0x00000000c2a00000|  0%| F|  |TAMS 0x00000000c2900000, 0x00000000c2900000| Untracked 
|  18|0x00000000c2a00000, 0x00000000c2a00000, 0x00000000c2b00000|  0%| F|  |TAMS 0x00000000c2a00000, 0x00000000c2a00000| Untracked 
|  19|0x00000000c2b00000, 0x00000000c2b00000, 0x00000000c2c00000|  0%| F|  |TAMS 0x00000000c2b00000, 0x00000000c2b00000| Untracked 
|  20|0x00000000c2c00000, 0x00000000c2c00000, 0x00000000c2d00000|  0%| F|  |TAMS 0x00000000c2c00000, 0x00000000c2c00000| Untracked 
|  21|0x00000000c2d00000, 0x00000000c2d00000, 0x00000000c2e00000|  0%| F|  |TAMS 0x00000000c2d00000, 0x00000000c2d00000| Untracked 
|  22|0x00000000c2e00000, 0x00000000c2e00000, 0x00000000c2f00000|  0%| F|  |TAMS 0x00000000c2e00000, 0x00000000c2e00000| Untracked 
|  23|0x00000000c2f00000, 0x00000000c2f00000, 0x00000000c3000000|  0%| F|  |TAMS 0x00000000c2f00000, 0x00000000c2f00000| Untracked 
|  24|0x00000000c3000000, 0x00000000c3000000, 0x00000000c3100000|  0%| F|  |TAMS 0x00000000c3000000, 0x00000000c3000000| Untracked 
|  25|0x00000000c3100000, 0x00000000c3100000, 0x00000000c3200000|  0%| F|  |TAMS 0x00000000c3100000, 0x00000000c3100000| Untracked 
|  26|0x00000000c3200000, 0x00000000c3200000, 0x00000000c3300000|  0%| F|  |TAMS 0x00000000c3200000, 0x00000000c3200000| Untracked 
|  27|0x00000000c3300000, 0x00000000c3300000, 0x00000000c3400000|  0%| F|  |TAMS 0x00000000c3300000, 0x00000000c3300000| Untracked 
|  28|0x00000000c3400000, 0x00000000c3400000, 0x00000000c3500000|  0%| F|  |TAMS 0x00000000c3400000, 0x00000000c3400000| Untracked 
|  29|0x00000000c3500000, 0x00000000c3500000, 0x00000000c3600000|  0%| F|  |TAMS 0x00000000c3500000, 0x00000000c3500000| Untracked 
|  30|0x00000000c3600000, 0x00000000c3600000, 0x00000000c3700000|  0%| F|  |TAMS 0x00000000c3600000, 0x00000000c3600000| Untracked 
|  31|0x00000000c3700000, 0x00000000c3700000, 0x00000000c3800000|  0%| F|  |TAMS 0x00000000c3700000, 0x00000000c3700000| Untracked 
|  32|0x00000000c3800000, 0x00000000c3800000, 0x00000000c3900000|  0%| F|  |TAMS 0x00000000c3800000, 0x00000000c3800000| Untracked 
|  33|0x00000000c3900000, 0x00000000c3900000, 0x00000000c3a00000|  0%| F|  |TAMS 0x00000000c3900000, 0x00000000c3900000| Untracked 
|  34|0x00000000c3a00000, 0x00000000c3a00000, 0x00000000c3b00000|  0%| F|  |TAMS 0x00000000c3a00000, 0x00000000c3a00000| Untracked 
|  35|0x00000000c3b00000, 0x00000000c3b00000, 0x00000000c3c00000|  0%| F|  |TAMS 0x00000000c3b00000, 0x00000000c3b00000| Untracked 
|  36|0x00000000c3c00000, 0x00000000c3c00000, 0x00000000c3d00000|  0%| F|  |TAMS 0x00000000c3c00000, 0x00000000c3c00000| Untracked 
|  37|0x00000000c3d00000, 0x00000000c3d00000, 0x00000000c3e00000|  0%| F|  |TAMS 0x00000000c3d00000, 0x00000000c3d00000| Untracked 
|  38|0x00000000c3e00000, 0x00000000c3e00000, 0x00000000c3f00000|  0%| F|  |TAMS 0x00000000c3e00000, 0x00000000c3e00000| Untracked 
|  39|0x00000000c3f00000, 0x00000000c3f00000, 0x00000000c4000000|  0%| F|  |TAMS 0x00000000c3f00000, 0x00000000c3f00000| Untracked 
|  40|0x00000000c4000000, 0x00000000c4000000, 0x00000000c4100000|  0%| F|  |TAMS 0x00000000c4000000, 0x00000000c4000000| Untracked 
|  41|0x00000000c4100000, 0x00000000c4100000, 0x00000000c4200000|  0%| F|  |TAMS 0x00000000c4100000, 0x00000000c4100000| Untracked 
|  42|0x00000000c4200000, 0x00000000c4200000, 0x00000000c4300000|  0%| F|  |TAMS 0x00000000c4200000, 0x00000000c4200000| Untracked 
|  43|0x00000000c4300000, 0x00000000c4300000, 0x00000000c4400000|  0%| F|  |TAMS 0x00000000c4300000, 0x00000000c4300000| Untracked 
|  44|0x00000000c4400000, 0x00000000c4400000, 0x00000000c4500000|  0%| F|  |TAMS 0x00000000c4400000, 0x00000000c4400000| Untracked 
|  45|0x00000000c4500000, 0x00000000c4500000, 0x00000000c4600000|  0%| F|  |TAMS 0x00000000c4500000, 0x00000000c4500000| Untracked 
|  46|0x00000000c4600000, 0x00000000c4600000, 0x00000000c4700000|  0%| F|  |TAMS 0x00000000c4600000, 0x00000000c4600000| Untracked 
|  47|0x00000000c4700000, 0x00000000c4700000, 0x00000000c4800000|  0%| F|  |TAMS 0x00000000c4700000, 0x00000000c4700000| Untracked 
|  48|0x00000000c4800000, 0x00000000c4800000, 0x00000000c4900000|  0%| F|  |TAMS 0x00000000c4800000, 0x00000000c4800000| Untracked 
|  49|0x00000000c4900000, 0x00000000c4a00000, 0x00000000c4a00000|100%| S|CS|TAMS 0x00000000c4900000, 0x00000000c4900000| Complete 
|  50|0x00000000c4a00000, 0x00000000c4b00000, 0x00000000c4b00000|100%| S|CS|TAMS 0x00000000c4a00000, 0x00000000c4a00000| Complete 
|  51|0x00000000c4b00000, 0x00000000c4b00000, 0x00000000c4c00000|  0%| F|  |TAMS 0x00000000c4b00000, 0x00000000c4b00000| Untracked 
|  52|0x00000000c4c00000, 0x00000000c4c00000, 0x00000000c4d00000|  0%| F|  |TAMS 0x00000000c4c00000, 0x00000000c4c00000| Untracked 
|  53|0x00000000c4d00000, 0x00000000c4d00000, 0x00000000c4e00000|  0%| F|  |TAMS 0x00000000c4d00000, 0x00000000c4d00000| Untracked 
|  54|0x00000000c4e00000, 0x00000000c4e00000, 0x00000000c4f00000|  0%| F|  |TAMS 0x00000000c4e00000, 0x00000000c4e00000| Untracked 
|  55|0x00000000c4f00000, 0x00000000c4f00000, 0x00000000c5000000|  0%| F|  |TAMS 0x00000000c4f00000, 0x00000000c4f00000| Untracked 
|  56|0x00000000c5000000, 0x00000000c5000000, 0x00000000c5100000|  0%| F|  |TAMS 0x00000000c5000000, 0x00000000c5000000| Untracked 
|  57|0x00000000c5100000, 0x00000000c5100000, 0x00000000c5200000|  0%| F|  |TAMS 0x00000000c5100000, 0x00000000c5100000| Untracked 
|  58|0x00000000c5200000, 0x00000000c5200000, 0x00000000c5300000|  0%| F|  |TAMS 0x00000000c5200000, 0x00000000c5200000| Untracked 
|  59|0x00000000c5300000, 0x00000000c5300000, 0x00000000c5400000|  0%| F|  |TAMS 0x00000000c5300000, 0x00000000c5300000| Untracked 
|  60|0x00000000c5400000, 0x00000000c5400000, 0x00000000c5500000|  0%| F|  |TAMS 0x00000000c5400000, 0x00000000c5400000| Untracked 
|  61|0x00000000c5500000, 0x00000000c5500000, 0x00000000c5600000|  0%| F|  |TAMS 0x00000000c5500000, 0x00000000c5500000| Untracked 
|  62|0x00000000c5600000, 0x00000000c5673bc8, 0x00000000c5700000| 45%| E|  |TAMS 0x00000000c5600000, 0x00000000c5600000| Complete 
|  63|0x00000000c5700000, 0x00000000c5800000, 0x00000000c5800000|100%| E|CS|TAMS 0x00000000c5700000, 0x00000000c5700000| Complete 

Card table byte_map: [0x00000257b16e0000,0x00000257b18e0000] _byte_map_base: 0x00000257b10d4000

Marking Bits (Prev, Next): (CMBitMap*) 0x000002579ac6e060, (CMBitMap*) 0x000002579ac6e0a0
 Prev Bits: [0x00000257b1ae0000, 0x00000257b2a80000)
 Next Bits: [0x00000257b2a80000, 0x00000257b3a20000)

Polling page: 0x0000025798bb0000

Metaspace:

Usage:
  Non-class:      6.57 MB used.
      Class:    818.23 KB used.
       Both:      7.37 MB used.

Virtual space:
  Non-class space:       64.00 MB reserved,       6.62 MB ( 10%) committed,  1 nodes.
      Class space:        1.00 GB reserved,     960.00 KB ( <1%) committed,  1 nodes.
             Both:        1.06 GB reserved,       7.56 MB ( <1%) committed. 

Chunk freelists:
   Non-Class:  9.00 MB
       Class:  15.11 MB
        Both:  24.11 MB

MaxMetaspaceSize: unlimited
CompressedClassSpaceSize: 1.00 GB
Initial GC threshold: 21.00 MB
Current GC threshold: 21.00 MB
CDS: on
MetaspaceReclaimPolicy: balanced
 - commit_granule_bytes: 65536.
 - commit_granule_words: 8192.
 - virtual_space_node_default_size: 8388608.
 - enlarge_chunks_in_place: 1.
 - new_chunks_are_fully_committed: 0.
 - uncommit_free_chunks: 1.
 - use_allocation_guard: 0.
 - handle_deallocations: 1.


Internal statistics:

num_allocs_failed_limit: 0.
num_arena_births: 120.
num_arena_deaths: 0.
num_vsnodes_births: 2.
num_vsnodes_deaths: 0.
num_space_committed: 121.
num_space_uncommitted: 0.
num_chunks_returned_to_freelist: 0.
num_chunks_taken_from_freelist: 163.
num_chunk_merges: 0.
num_chunk_splits: 94.
num_chunks_enlarged: 34.
num_purges: 0.
num_inconsistent_stats: 0.

CodeHeap 'non-profiled nmethods': size=120000Kb used=301Kb max_used=301Kb free=119698Kb
 bounds [0x00000257a9fb0000, 0x00000257aa220000, 0x00000257b14e0000]
CodeHeap 'profiled nmethods': size=120000Kb used=1613Kb max_used=1613Kb free=118386Kb
 bounds [0x00000257a24e0000, 0x00000257a2750000, 0x00000257a9a10000]
CodeHeap 'non-nmethods': size=5760Kb used=1267Kb max_used=1283Kb free=4492Kb
 bounds [0x00000257a9a10000, 0x00000257a9c80000, 0x00000257a9fb0000]
 total_blobs=1620 nmethods=1029 adapters=504
 compilation: enabled
              stopped_count=0, restarted_count=0
 full_count=0

Compilation events (20 events):
Event: 2467.704 Thread 0x00000257b5e76580 nmethod 1021 0x00000257a266f410 code [0x00000257a266f660, 0x00000257a266ffa8]
Event: 2467.857 Thread 0x00000257b5e76070 1022       4       java.util.HashMap::putVal (300 bytes)
Event: 2467.881 Thread 0x00000257b5e76070 nmethod 1022 0x00000257a9ffa290 code [0x00000257a9ffa480, 0x00000257a9ffae88]
Event: 2467.899 Thread 0x00000257b5e76580 1023       3       java.awt.EventQueue::eventToCacheIndex (80 bytes)
Event: 2467.901 Thread 0x00000257b5e76580 nmethod 1023 0x00000257a2670310 code [0x00000257a26704e0, 0x00000257a2670ad8]
Event: 2468.240 Thread 0x00000257b5e76580 1024       3       java.util.HashMap::tableSizeFor (32 bytes)
Event: 2468.241 Thread 0x00000257b5e76580 nmethod 1024 0x00000257a2670b90 code [0x00000257a2670d40, 0x00000257a2670f68]
Event: 2468.762 Thread 0x00000257b5e76580 1025       3       java.util.IdentityHashMap$IdentityHashMapIterator::nextIndex (72 bytes)
Event: 2468.764 Thread 0x00000257b5e76580 nmethod 1025 0x00000257a2671010 code [0x00000257a26711e0, 0x00000257a2671568]
Event: 2469.877 Thread 0x00000257b5e76580 1026       3       java.awt.RenderingHints$Key::hashCode (5 bytes)
Event: 2469.877 Thread 0x00000257b5e76580 nmethod 1026 0x00000257a2671710 code [0x00000257a26718a0, 0x00000257a26719e8]
Event: 2470.058 Thread 0x00000257b5e76580 1027       3       java.util.IdentityHashMap$ValueIterator::next (12 bytes)
Event: 2470.058 Thread 0x00000257b5e76580 nmethod 1027 0x00000257a2671a90 code [0x00000257a2671c40, 0x00000257a2671e28]
Event: 2470.419 Thread 0x00000257b5e76580 1028  s    3       sun.awt.windows.WDesktopProperties::setSoundProperty (68 bytes)
Event: 2470.422 Thread 0x00000257b5e76580 nmethod 1028 0x00000257a2671f10 code [0x00000257a2672140, 0x00000257a2672938]
Event: 2470.422 Thread 0x00000257b5e76580 1029       3       sun.awt.windows.WDesktopProperties$WinPlaySound::<init> (15 bytes)
Event: 2470.422 Thread 0x00000257b5e76580 nmethod 1029 0x00000257a2672c10 code [0x00000257a2672dc0, 0x00000257a2672fd8]
Event: 2470.443 Thread 0x00000257b5e76580 1030       3       java.awt.Font::<init> (56 bytes)
Event: 2470.446 Thread 0x00000257b5e76580 nmethod 1030 0x00000257a2673090 code [0x00000257a2673240, 0x00000257a26734d8]
Event: 2471.056 Thread 0x00000257b5e76580 1031  s    3       sun.awt.windows.WDesktopProperties::setFontProperty (153 bytes)

GC Heap History (2 events):
Event: 0.580 GC heap before
{Heap before GC invocations=0 (full 0):
 garbage-first heap   total 65536K, used 20480K [0x00000000c1800000, 0x0000000100000000)
  region size 1024K, 13 young (13312K), 0 survivors (0K)
 Metaspace       used 6873K, committed 7040K, reserved 1114112K
  class space    used 744K, committed 832K, reserved 1048576K
}
Event: 0.585 GC heap after
{Heap after GC invocations=1 (full 0):
 garbage-first heap   total 65536K, used 9893K [0x00000000c1800000, 0x0000000100000000)
  region size 1024K, 2 young (2048K), 2 survivors (2048K)
 Metaspace       used 6873K, committed 7040K, reserved 1114112K
  class space    used 744K, committed 832K, reserved 1048576K
}

Deoptimization events (20 events):
Event: 0.539 Thread 0x000002579ac31fa0 Uncommon trap: trap_request=0xffffff45 fr.pc=0x00000257a9fdaec0 relative=0x0000000000000340
Event: 0.539 Thread 0x000002579ac31fa0 Uncommon trap: reason=unstable_if action=reinterpret pc=0x00000257a9fdaec0 method=java.lang.StringUTF16.compress([CI[BII)I @ 20 c2
Event: 0.539 Thread 0x000002579ac31fa0 DEOPT PACKING pc=0x00000257a9fdaec0 sp=0x0000008f3c3fced0
Event: 0.539 Thread 0x000002579ac31fa0 DEOPT UNPACKING pc=0x00000257a9a623a3 sp=0x0000008f3c3fce50 mode 2
Event: 0.588 Thread 0x000002579ac31fa0 Uncommon trap: trap_request=0xffffffde fr.pc=0x00000257a9fe5b5c relative=0x000000000000039c
Event: 0.588 Thread 0x000002579ac31fa0 Uncommon trap: reason=class_check action=maybe_recompile pc=0x00000257a9fe5b5c method=java.util.HashMap.getNode(Ljava/lang/Object;)Ljava/util/HashMap$Node; @ 63 c2
Event: 0.588 Thread 0x000002579ac31fa0 DEOPT PACKING pc=0x00000257a9fe5b5c sp=0x0000008f3c3fe370
Event: 0.588 Thread 0x000002579ac31fa0 DEOPT UNPACKING pc=0x00000257a9a623a3 sp=0x0000008f3c3fe288 mode 2
Event: 0.597 Thread 0x000002579ac31fa0 Uncommon trap: trap_request=0xffffffde fr.pc=0x00000257a9fe5b5c relative=0x000000000000039c
Event: 0.597 Thread 0x000002579ac31fa0 Uncommon trap: reason=class_check action=maybe_recompile pc=0x00000257a9fe5b5c method=java.util.HashMap.getNode(Ljava/lang/Object;)Ljava/util/HashMap$Node; @ 63 c2
Event: 0.597 Thread 0x000002579ac31fa0 DEOPT PACKING pc=0x00000257a9fe5b5c sp=0x0000008f3c3fe440
Event: 0.597 Thread 0x000002579ac31fa0 DEOPT UNPACKING pc=0x00000257a9a623a3 sp=0x0000008f3c3fe358 mode 2
Event: 0.597 Thread 0x000002579ac31fa0 Uncommon trap: trap_request=0xffffffde fr.pc=0x00000257a9fe5b5c relative=0x000000000000039c
Event: 0.597 Thread 0x000002579ac31fa0 Uncommon trap: reason=class_check action=maybe_recompile pc=0x00000257a9fe5b5c method=java.util.HashMap.getNode(Ljava/lang/Object;)Ljava/util/HashMap$Node; @ 63 c2
Event: 0.597 Thread 0x000002579ac31fa0 DEOPT PACKING pc=0x00000257a9fe5b5c sp=0x0000008f3c3fe440
Event: 0.597 Thread 0x000002579ac31fa0 DEOPT UNPACKING pc=0x00000257a9a623a3 sp=0x0000008f3c3fe358 mode 2
Event: 0.597 Thread 0x000002579ac31fa0 Uncommon trap: trap_request=0xffffffde fr.pc=0x00000257a9fdcebc relative=0x000000000000037c
Event: 0.597 Thread 0x000002579ac31fa0 Uncommon trap: reason=class_check action=maybe_recompile pc=0x00000257a9fdcebc method=java.util.HashMap.getNode(Ljava/lang/Object;)Ljava/util/HashMap$Node; @ 63 c2
Event: 0.597 Thread 0x000002579ac31fa0 DEOPT PACKING pc=0x00000257a9fdcebc sp=0x0000008f3c3fe300
Event: 0.597 Thread 0x000002579ac31fa0 DEOPT UNPACKING pc=0x00000257a9a623a3 sp=0x0000008f3c3fe288 mode 2

Classes unloaded (0 events):
No events

Classes redefined (0 events):
No events

Internal exceptions (17 events):
Event: 0.114 Thread 0x000002579ac31fa0 Exception <a 'sun/nio/fs/WindowsException'{0x00000000c5630c20}> (0x00000000c5630c20) 
thrown [s\open\src\hotspot\share\prims\jni.cpp, line 516]
Event: 0.114 Thread 0x000002579ac31fa0 Exception <a 'sun/nio/fs/WindowsException'{0x00000000c56311a0}> (0x00000000c56311a0) 
thrown [s\open\src\hotspot\share\prims\jni.cpp, line 516]
Event: 0.116 Thread 0x000002579ac31fa0 Exception <a 'sun/nio/fs/WindowsException'{0x00000000c5633640}> (0x00000000c5633640) 
thrown [s\open\src\hotspot\share\prims\jni.cpp, line 516]
Event: 0.117 Thread 0x000002579ac31fa0 Exception <a 'sun/nio/fs/WindowsException'{0x00000000c56341c0}> (0x00000000c56341c0) 
thrown [s\open\src\hotspot\share\prims\jni.cpp, line 516]
Event: 0.167 Thread 0x000002579ac31fa0 Exception <a 'java/lang/ClassNotFoundException'{0x00000000c55083a0}: sun/awt/resources/spi/awtProvider> (0x00000000c55083a0) 
thrown [s\open\src\hotspot\share\classfile\systemDictionary.cpp, line 256]
Event: 0.192 Thread 0x000002579ac31fa0 Exception <a 'java/io/FileNotFoundException'{0x00000000c555ac28}> (0x00000000c555ac28) 
thrown [s\open\src\hotspot\share\prims\jni.cpp, line 516]
Event: 0.209 Thread 0x000002579ac31fa0 Exception <a 'java/io/FileNotFoundException'{0x00000000c5587d60}> (0x00000000c5587d60) 
thrown [s\open\src\hotspot\share\prims\jni.cpp, line 516]
Event: 0.251 Thread 0x000002579ac31fa0 Exception <a 'java/lang/NoSuchMethodError'{0x00000000c55cbfb0}: 'java.lang.Object java.lang.invoke.DirectMethodHandle$Holder.invokeStaticInit(java.lang.Object)'> (0x00000000c55cbfb0) 
thrown [s\open\src\hotspot\share\interpreter\linkResolver.cpp, line 759]
Event: 0.288 Thread 0x000002579ac31fa0 Exception <a 'java/lang/NoSuchMethodError'{0x00000000c54590b8}: 'void java.lang.invoke.DirectMethodHandle$Holder.invokeSpecial(java.lang.Object, java.lang.Object, java.lang.Object)'> (0x00000000c54590b8) 
thrown [s\open\src\hotspot\share\interpreter\linkResolver.cpp, line 759]
Event: 0.297 Thread 0x000002579ac31fa0 Exception <a 'java/lang/NoSuchMethodError'{0x00000000c54832f0}: 'java.lang.Object java.lang.invoke.DirectMethodHandle$Holder.newInvokeSpecial(java.lang.Object, java.lang.Object, java.lang.Object, java.lang.Object, java.lang.Object)'> (0x00000000c54832f0) 
thrown [s\open\src\hotspot\share\interpreter\linkResolver.cpp, line 759]
Event: 0.299 Thread 0x000002579ac31fa0 Exception <a 'java/lang/NoSuchMethodError'{0x00000000c548ef00}: 'java.lang.Object java.lang.invoke.DirectMethodHandle$Holder.invokeStatic(java.lang.Object, int, java.lang.Object, java.lang.Object, java.lang.Object, java.lang.Object)'> (0x00000000c548ef00) 
thrown [s\open\src\hotspot\share\interpreter\linkResolver.cpp, line 759]
Event: 0.304 Thread 0x000002579ac31fa0 Exception <a 'java/lang/NoSuchMethodError'{0x00000000c54b46c0}: 'java.lang.Object java.lang.invoke.DirectMethodHandle$Holder.invokeStatic(java.lang.Object, int, java.lang.Object)'> (0x00000000c54b46c0) 
thrown [s\open\src\hotspot\share\interpreter\linkResolver.cpp, line 759]
Event: 0.333 Thread 0x000002579ac31fa0 Exception <a 'java/lang/ClassNotFoundException'{0x00000000c536d7e0}: com/sun/swing/internal/plaf/metal/resources/spi/metalProvider> (0x00000000c536d7e0) 
thrown [s\open\src\hotspot\share\classfile\systemDictionary.cpp, line 256]
Event: 0.333 Thread 0x000002579ac31fa0 Exception <a 'java/lang/ClassNotFoundException'{0x00000000c5371638}: com/sun/swing/internal/plaf/basic/resources/spi/basicProvider> (0x00000000c5371638) 
thrown [s\open\src\hotspot\share\classfile\systemDictionary.cpp, line 256]
Event: 0.417 Thread 0x00000257fb3b48a0 Exception <a 'java/lang/NoSuchMethodError'{0x00000000c5141de0}: 'java.lang.Object java.lang.invoke.DirectMethodHandle$Holder.newInvokeSpecial(java.lang.Object, java.lang.Object, java.lang.Object, int, int, int, int, int)'> (0x00000000c5141de0) 
thrown [s\open\src\hotspot\share\interpreter\linkResolver.cpp, line 759]
Event: 0.507 Thread 0x00000257fb36b050 Exception <a 'java/lang/NoSuchMethodError'{0x00000000c540f740}: 'void java.lang.invoke.DirectMethodHandle$Holder.invokeVirtual(java.lang.Object, java.lang.Object)'> (0x00000000c540f740) 
thrown [s\open\src\hotspot\share\interpreter\linkResolver.cpp, line 759]
Event: 0.526 Thread 0x000002579ac31fa0 Exception <a 'java/lang/NoSuchMethodError'{0x00000000c4b96440}: 'void java.lang.invoke.DirectMethodHandle$Holder.invokeStaticInit(java.lang.Object)'> (0x00000000c4b96440) 
thrown [s\open\src\hotspot\share\interpreter\linkResolver.cpp, line 759]

VM Operations (16 events):
Event: 0.118 Executing VM operation: HandshakeAllThreads
Event: 0.118 Executing VM operation: HandshakeAllThreads done
Event: 0.470 Executing VM operation: HandshakeAllThreads
Event: 0.470 Executing VM operation: HandshakeAllThreads done
Event: 0.550 Executing VM operation: HandshakeAllThreads
Event: 0.550 Executing VM operation: HandshakeAllThreads done
Event: 0.580 Executing VM operation: G1CollectForAllocation
Event: 0.585 Executing VM operation: G1CollectForAllocation done
Event: 0.632 Executing VM operation: HandshakeAllThreads
Event: 0.632 Executing VM operation: HandshakeAllThreads done
Event: 1.642 Executing VM operation: Cleanup
Event: 1.642 Executing VM operation: Cleanup done
Event: 2.654 Executing VM operation: Cleanup
Event: 2.654 Executing VM operation: Cleanup done
Event: 668.203 Executing VM operation: Cleanup
Event: 668.203 Executing VM operation: Cleanup done

Events (20 events):
Event: 0.679 loading class javax/swing/text/JTextComponent
Event: 0.679 loading class javax/swing/Scrollable
Event: 0.679 loading class javax/swing/Scrollable done
Event: 0.680 loading class javax/swing/text/JTextComponent done
Event: 0.680 loading class java/awt/Container$MouseEventTargetFilter
Event: 0.680 loading class java/awt/Container$EventTargetFilter
Event: 0.681 loading class java/awt/Container$EventTargetFilter done
Event: 0.681 loading class java/awt/Container$MouseEventTargetFilter done
Event: 0.681 loading class java/awt/LightweightDispatcher$1
Event: 0.681 loading class java/awt/LightweightDispatcher$1 done
Event: 0.681 loading class java/awt/event/MouseWheelEvent
Event: 0.681 loading class java/awt/event/MouseWheelEvent done
Event: 1.674 Thread 0x00000257fb3e7aa0 Thread exited: 0x00000257fb3e7aa0
Event: 2.988 loading class java/awt/LightweightDispatcher$2
Event: 2.988 loading class java/awt/LightweightDispatcher$2 done
Event: 4.361 loading class java/awt/KeyboardFocusManager$2
Event: 4.361 loading class java/awt/KeyboardFocusManager$2 done
Event: 4.361 loading class sun/awt/SunToolkit$1
Event: 4.362 loading class sun/awt/SunToolkit$1 done
Event: 5.477 Thread 0x00000257fb3b48a0 Thread exited: 0x00000257fb3b48a0


Dynamic libraries:
0x00007ff6fbae0000 - 0x00007ff6fbaf0000 	C:\Program Files\Java\jdk-17\bin\java.exe
0x00007ffdc3b30000 - 0x00007ffdc3d28000 	C:\Windows\SYSTEM32\ntdll.dll
0x00007ffdc2bb0000 - 0x00007ffdc2c6d000 	C:\Windows\System32\KERNEL32.DLL
0x00007ffdc11f0000 - 0x00007ffdc14e6000 	C:\Windows\System32\KERNELBASE.dll
0x00007ffdc14f0000 - 0x00007ffdc15f0000 	C:\Windows\System32\ucrtbase.dll
0x00007ffdbbcb0000 - 0x00007ffdbbccb000 	C:\Program Files\Java\jdk-17\bin\VCRUNTIME140.dll
0x00007ffdb4ae0000 - 0x00007ffdb4af9000 	C:\Program Files\Java\jdk-17\bin\jli.dll
0x00007ffdc2010000 - 0x00007ffdc20c3000 	C:\Windows\System32\ADVAPI32.dll
0x00007ffdc1f30000 - 0x00007ffdc1fce000 	C:\Windows\System32\msvcrt.dll
0x00007ffdc2310000 - 0x00007ffdc23af000 	C:\Windows\System32\sechost.dll
0x00007ffdc2c70000 - 0x00007ffdc2d96000 	C:\Windows\System32\RPCRT4.dll
0x00007ffdc1800000 - 0x00007ffdc1827000 	C:\Windows\System32\bcrypt.dll
0x00007ffdc1d10000 - 0x00007ffdc1eae000 	C:\Windows\System32\USER32.dll
0x00007ffdc18a0000 - 0x00007ffdc18c2000 	C:\Windows\System32\win32u.dll
0x00007ffdc2e50000 - 0x00007ffdc2e7b000 	C:\Windows\System32\GDI32.dll
0x00007ffdc1a50000 - 0x00007ffdc1b67000 	C:\Windows\System32\gdi32full.dll
0x00007ffdb1a20000 - 0x00007ffdb1cba000 	C:\Windows\WinSxS\amd64_microsoft.windows.common-controls_6595b64144ccf1df_6.0.19041.3636_none_60b6a03d71f818d5\COMCTL32.dll
0x00007ffdc1920000 - 0x00007ffdc19bd000 	C:\Windows\System32\msvcp_win.dll
0x00007ffdb0da0000 - 0x00007ffdb0daa000 	C:\Windows\SYSTEM32\VERSION.dll
0x00007ffdc1fd0000 - 0x00007ffdc2002000 	C:\Windows\System32\IMM32.DLL
0x00007ffdbcb30000 - 0x00007ffdbcb3c000 	C:\Program Files\Java\jdk-17\bin\vcruntime140_1.dll
0x00007ffda9ca0000 - 0x00007ffda9d2e000 	C:\Program Files\Java\jdk-17\bin\msvcp140.dll
0x00007ffd830c0000 - 0x00007ffd83c9e000 	C:\Program Files\Java\jdk-17\bin\server\jvm.dll
0x00007ffdc20e0000 - 0x00007ffdc20e8000 	C:\Windows\System32\PSAPI.DLL
0x00007ffdbd090000 - 0x00007ffdbd099000 	C:\Windows\SYSTEM32\WSOCK32.dll
0x00007ffdb1ce0000 - 0x00007ffdb1d07000 	C:\Windows\SYSTEM32\WINMM.dll
0x00007ffdc20f0000 - 0x00007ffdc215b000 	C:\Windows\System32\WS2_32.dll
0x00007ffdbf0a0000 - 0x00007ffdbf0b2000 	C:\Windows\SYSTEM32\kernel.appcore.dll
0x00007ffdbc2f0000 - 0x00007ffdbc2fa000 	C:\Program Files\Java\jdk-17\bin\jimage.dll
0x00007ffdafb10000 - 0x00007ffdafcf4000 	C:\Windows\SYSTEM32\DBGHELP.DLL
0x00007ffdaf570000 - 0x00007ffdaf5a4000 	C:\Windows\SYSTEM32\dbgcore.DLL
0x00007ffdc19c0000 - 0x00007ffdc1a42000 	C:\Windows\System32\bcryptPrimitives.dll
0x00007ffdb3770000 - 0x00007ffdb3795000 	C:\Program Files\Java\jdk-17\bin\java.dll
0x00007ffdb1780000 - 0x00007ffdb1857000 	C:\Program Files\Java\jdk-17\bin\jsvml.dll
0x00007ffdc23b0000 - 0x00007ffdc2af5000 	C:\Windows\System32\SHELL32.dll
0x00007ffdbf2a0000 - 0x00007ffdbfa3c000 	C:\Windows\SYSTEM32\windows.storage.dll
0x00007ffdc3170000 - 0x00007ffdc34c4000 	C:\Windows\System32\combase.dll
0x00007ffdc0c20000 - 0x00007ffdc0c4e000 	C:\Windows\SYSTEM32\Wldp.dll
0x00007ffdc2e80000 - 0x00007ffdc2f4d000 	C:\Windows\System32\OLEAUT32.dll
0x00007ffdc2da0000 - 0x00007ffdc2e4d000 	C:\Windows\System32\SHCORE.dll
0x00007ffdc1cb0000 - 0x00007ffdc1d05000 	C:\Windows\System32\shlwapi.dll
0x00007ffdc1120000 - 0x00007ffdc1145000 	C:\Windows\SYSTEM32\profapi.dll
0x00007ffdb7670000 - 0x00007ffdb7689000 	C:\Program Files\Java\jdk-17\bin\net.dll
0x00007ffdb8890000 - 0x00007ffdb899a000 	C:\Windows\SYSTEM32\WINHTTP.dll
0x00007ffdc0980000 - 0x00007ffdc09ea000 	C:\Windows\system32\mswsock.dll
0x00007ffdb35e0000 - 0x00007ffdb35f6000 	C:\Program Files\Java\jdk-17\bin\nio.dll
0x00007ffdb35c0000 - 0x00007ffdb35d8000 	C:\Program Files\Java\jdk-17\bin\zip.dll
0x00007ffd84db0000 - 0x00007ffd84f41000 	C:\Program Files\Java\jdk-17\bin\awt.dll
0x00007ffdbe9f0000 - 0x00007ffdbea80000 	C:\Windows\SYSTEM32\apphelp.dll
0x00007ffdbedb0000 - 0x00007ffdbeddf000 	C:\Windows\system32\DWMAPI.DLL
0x00007ffdbeb30000 - 0x00007ffdbebce000 	C:\Windows\system32\uxtheme.dll
0x00007ffdad780000 - 0x00007ffdad8a5000 	C:\Windows\system32\opengl32.dll
0x00007ffdb7a20000 - 0x00007ffdb7a4c000 	C:\Windows\SYSTEM32\GLU32.dll
0x00007ffdc2fb0000 - 0x00007ffdc30c4000 	C:\Windows\System32\MSCTF.dll
0x00007ffdc3550000 - 0x00007ffdc367b000 	C:\Windows\System32\ole32.dll
0x00007ffdb5d40000 - 0x00007ffdb5d6e000 	C:\Program Files\Java\jdk-17\bin\javajpeg.dll
0x00007ffd8f200000 - 0x00007ffd8f286000 	C:\Program Files\Java\jdk-17\bin\freetype.dll
0x00007ffd80450000 - 0x00007ffd80523000 	C:\Program Files\Java\jdk-17\bin\fontmanager.dll
0x00007ffdba560000 - 0x00007ffdba659000 	C:\Windows\SYSTEM32\textinputframework.dll
0x00007ffdbe7b0000 - 0x00007ffdbe8a2000 	C:\Windows\System32\CoreMessaging.dll
0x00007ffdbe0d0000 - 0x00007ffdbe42b000 	C:\Windows\System32\CoreUIComponents.dll
0x00007ffdc0360000 - 0x00007ffdc0393000 	C:\Windows\SYSTEM32\ntmarta.dll
0x00007ffdbd0f0000 - 0x00007ffdbd245000 	C:\Windows\SYSTEM32\wintypes.dll

dbghelp: loaded successfully - version: 4.0.5 - missing functions: none
symbol engine: initialized successfully - sym options: 0x614 - pdb path: .;C:\Program Files\Java\jdk-17\bin;C:\Windows\SYSTEM32;C:\Windows\WinSxS\amd64_microsoft.windows.common-controls_6595b64144ccf1df_6.0.19041.3636_none_60b6a03d71f818d5;C:\Program Files\Java\jdk-17\bin\server

VM Arguments:
jvm_args: -Dfile.encoding=UTF-8 --module-path=C:\Users\dell\Documents\NetBeansProjects\college Management System\build\classes 
java_command: college.management.system.project
java_class_path (initial): C:\Users\dell\Documents\mysql-connector-java-8.0.28.jar;C:\Users\dell\Documents\jcalendar-tz-1.3.3-4.jar;C:\Users\dell\Documents\rs2xml.jar;C:\Users\dell\Documents\NetBeansProjects\college Management System\build\classes
Launcher Type: SUN_STANDARD

[Global flags]
     intx CICompilerCount                          = 3                                         {product} {ergonomic}
     uint ConcGCThreads                            = 1                                         {product} {ergonomic}
     uint G1ConcRefinementThreads                  = 4                                         {product} {ergonomic}
   size_t G1HeapRegionSize                         = 1048576                                   {product} {ergonomic}
    uintx GCDrainStackTargetSize                   = 64                                        {product} {ergonomic}
   size_t InitialHeapSize                          = 67108864                                  {product} {ergonomic}
   size_t MarkStackSize                            = 4194304                                   {product} {ergonomic}
   size_t MaxHeapSize                              = 1048576000                                {product} {ergonomic}
   size_t MaxNewSize                               = 629145600                                 {product} {ergonomic}
   size_t MinHeapDeltaBytes                        = 1048576                                   {product} {ergonomic}
   size_t MinHeapSize                              = 8388608                                   {product} {ergonomic}
    uintx NonNMethodCodeHeapSize                   = 5832780                                {pd product} {ergonomic}
    uintx NonProfiledCodeHeapSize                  = 122912730                              {pd product} {ergonomic}
    uintx ProfiledCodeHeapSize                     = 122912730                              {pd product} {ergonomic}
    uintx ReservedCodeCacheSize                    = 251658240                              {pd product} {ergonomic}
     bool SegmentedCodeCache                       = true                                      {product} {ergonomic}
   size_t SoftMaxHeapSize                          = 1048576000                             {manageable} {ergonomic}
     bool UseCompressedClassPointers               = true                           {product lp64_product} {ergonomic}
     bool UseCompressedOops                        = true                           {product lp64_product} {ergonomic}
     bool UseG1GC                                  = true                                      {product} {ergonomic}
     bool UseLargePagesIndividualAllocation        = false                                  {pd product} {ergonomic}

Logging:
Log output configuration:
 #0: stdout all=warning uptime,level,tags
 #1: stderr all=off uptime,level,tags

Environment Variables:
PATH=C:\Program Files\Common Files\Oracle\Java\javapath;C:\Windows\system32;C:\Windows;C:\Windows\System32\Wbem;C:\Windows\System32\WindowsPowerShell\v1.0\;C:\Windows\System32\OpenSSH\;C:\Program Files\Java\jdk-17\bin;C:\Program Files\MySQL\MySQL Server 8.0\bin;C:\Program Files\MySQL\MySQL Shell 8.0\bin\;C:\Users\dell\AppData\Local\Programs\Python\Launcher\;C:\Users\dell\AppData\Local\Microsoft\WindowsApps;C:\Program Files\Java\jdk-17\bin;;C:\Users\dell\AppData\Local\Programs\Microsoft VS Code\bin
USERNAME=dell
OS=Windows_NT
PROCESSOR_IDENTIFIER=Intel64 Family 6 Model 58 Stepping 9, GenuineIntel



---------------  S Y S T E M  ---------------

OS:
 Windows 10 , 64 bit Build 19041 (10.0.19041.3636)
OS uptime: 0 days 7:30 hours

CPU: total 4 (initial active 4) (2 cores per cpu, 2 threads per core) family 6 model 58 stepping 9 microcode 0x21, cx8, cmov, fxsr, ht, mmx, sse, sse2, sse3, ssse3, sse4.1, sse4.2, popcnt, tsc, tscinvbit, avx, aes, erms, clmul, vzeroupper, clflush

Memory: 4k page, system-wide physical 3999M (187M free)
TotalPageFile size 16287M (AvailPageFile size 4M)
current process WorkingSet (physical memory assigned to process): 13M, peak: 77M
current process commit charge ("private bytes"): 145M, peak: 148M

vm_info: Java HotSpot(TM) 64-Bit Server VM (17.0.8+9-LTS-211) for windows-amd64 JRE (17.0.8+9-LTS-211), built on Jun 14 2023 10:34:31 by "mach5one" with MS VC++ 17.1 (VS2022)

END.
