#
# There is insufficient memory for the Java Runtime Environment to continue.
# Native memory allocation (mmap) failed to map 16777216 bytes for G1 virtual space
# Possible reasons:
#   The system is out of physical RAM or swap space
#   The process is running with CompressedOops enabled, and the Java Heap may be blocking the growth of the native heap
# Possible solutions:
#   Reduce memory load on the system
#   Increase physical memory or swap space
#   Check if swap backing store is full
#   Decrease Java heap size (-Xmx/-Xms)
#   Decrease number of Java threads
#   Decrease Java thread stack sizes (-Xss)
#   Set larger code cache with -XX:ReservedCodeCacheSize=
#   JVM is running with Unscaled Compressed Oops mode in which the Java heap is
#     placed in the first 4GB address space. The Java Heap base address is the
#     maximum limit for the native heap growth. Please use -XX:HeapBaseMinAddress
#     to set the Java Heap base and to place the Java Heap above 4GB virtual address.
# This output file may be truncated or incomplete.
#
#  Out of Memory Error (os_windows.cpp:3550), pid=7176, tid=6424
#
# JRE version:  (17.0.8+9) (build )
# Java VM: Java HotSpot(TM) 64-Bit Server VM (17.0.8+9-LTS-211, mixed mode, sharing, tiered, compressed oops, compressed class ptrs, g1 gc, windows-amd64)
# No core dump will be written. Minidumps are not enabled by default on client versions of Windows
#

---------------  S U M M A R Y ------------

Command Line: -Dfile.encoding=UTF-8 -Xms1024m --module-path=C:\Users\dell\Documents\NetBeansProjects\college Management System\build\classes college.management.system.marks

Host: Intel(R) Core(TM) i5-3340M CPU @ 2.70GHz, 4 cores, 3G,  Windows 10 , 64 bit Build 19041 (10.0.19041.3636)
Time: Mon Mar 11 23:24:53 2024 India Standard Time elapsed time: 0.036279 seconds (0d 0h 0m 0s)

---------------  T H R E A D  ---------------

Current thread (0x0000018870bf0410):  JavaThread "Unknown thread" [_thread_in_vm, id=6424, stack(0x0000003a7d700000,0x0000003a7d800000)]

Stack: [0x0000003a7d700000,0x0000003a7d800000]
Native frames: (J=compiled Java code, j=interpreted, Vv=VM code, C=native code)
V  [jvm.dll+0x677d0a]
V  [jvm.dll+0x7d8c54]
V  [jvm.dll+0x7da3fe]
V  [jvm.dll+0x7daa63]
V  [jvm.dll+0x245c5f]
V  [jvm.dll+0x674bb9]
V  [jvm.dll+0x6694f2]
V  [jvm.dll+0x3031d6]
V  [jvm.dll+0x30a756]
V  [jvm.dll+0x359fc8]
V  [jvm.dll+0x35a1cf]
V  [jvm.dll+0x2da3e8]
V  [jvm.dll+0x2db354]
V  [jvm.dll+0x7aa711]
V  [jvm.dll+0x367b51]
V  [jvm.dll+0x789979]
V  [jvm.dll+0x3eb05f]
V  [jvm.dll+0x3ecae1]
C  [jli.dll+0x5297]
C  [ucrtbase.dll+0x21bb2]
C  [KERNEL32.DLL+0x17344]
C  [ntdll.dll+0x526b1]


---------------  P R O C E S S  ---------------

Threads class SMR info:
_java_thread_list=0x00007ffd83d759d8, length=0, elements={
}

Java Threads: ( => current thread )

Other Threads:
  0x0000018870c2de30 GCTaskThread "GC Thread#0" [stack: 0x0000003a7d800000,0x0000003a7d900000] [id=8252]
  0x0000018870c37c90 ConcurrentGCThread "G1 Main Marker" [stack: 0x0000003a7d900000,0x0000003a7da00000] [id=472]
  0x0000018870c39d60 ConcurrentGCThread "G1 Conc#0" [stack: 0x0000003a7da00000,0x0000003a7db00000] [id=1408]

[error occurred during error reporting (printing all threads), id 0xc0000005, EXCEPTION_ACCESS_VIOLATION (0xc0000005) at pc=0x00007ffd835ab047]

VM state: not at safepoint (not fully initialized)

VM Mutex/Monitor currently owned by a thread:  ([mutex/lock_event])
[0x0000018870bec400] Heap_lock - owner thread: 0x0000018870bf0410

Heap address: 0x00000000c0000000, size: 1024 MB, Compressed Oops mode: 32-bit

CDS archive(s) mapped at: [0x0000000000000000-0x0000000000000000-0x0000000000000000), size 0, SharedBaseAddress: 0x0000000800000000, ArchiveRelocationMode: 1.
Narrow klass base: 0x0000000000000000, Narrow klass shift: 0, Narrow klass range: 0x0

GC Precious Log:
<Empty>

Heap:
 garbage-first heap   total 0K, used 0K [0x00000000c0000000, 0x0000000100000000)
  region size 1024K, 0 young (0K), 0 survivors (0K)

[error occurred during error reporting (printing heap information), id 0xc0000005, EXCEPTION_ACCESS_VIOLATION (0xc0000005) at pc=0x00007ffd83991499]

GC Heap History (0 events):
No events

Deoptimization events (0 events):
No events

Classes unloaded (0 events):
No events

Classes redefined (0 events):
No events

Internal exceptions (0 events):
No events

VM Operations (0 events):
No events

Events (1 events):
Event: 0.011 Loaded shared library C:\Program Files\Java\jdk-17\bin\java.dll


Dynamic libraries:
0x00007ff6250c0000 - 0x00007ff6250d0000 	C:\Program Files\Java\jdk-17\bin\java.exe
0x00007ffdb89d0000 - 0x00007ffdb8bc8000 	C:\Windows\SYSTEM32\ntdll.dll
0x00007ffdb81a0000 - 0x00007ffdb825d000 	C:\Windows\System32\KERNEL32.DLL
0x00007ffdb63d0000 - 0x00007ffdb66c6000 	C:\Windows\System32\KERNELBASE.dll
0x00007ffdb62a0000 - 0x00007ffdb63a0000 	C:\Windows\System32\ucrtbase.dll
0x00007ffd9cec0000 - 0x00007ffd9ced9000 	C:\Program Files\Java\jdk-17\bin\jli.dll
0x00007ffd848d0000 - 0x00007ffd848eb000 	C:\Program Files\Java\jdk-17\bin\VCRUNTIME140.dll
0x00007ffdb7ce0000 - 0x00007ffdb7d93000 	C:\Windows\System32\ADVAPI32.dll
0x00007ffdb8500000 - 0x00007ffdb859e000 	C:\Windows\System32\msvcrt.dll
0x00007ffdb7b00000 - 0x00007ffdb7b9f000 	C:\Windows\System32\sechost.dll
0x00007ffdb85a0000 - 0x00007ffdb86c6000 	C:\Windows\System32\RPCRT4.dll
0x00007ffdb6950000 - 0x00007ffdb6977000 	C:\Windows\System32\bcrypt.dll
0x00007ffdb7da0000 - 0x00007ffdb7f3e000 	C:\Windows\System32\USER32.dll
0x00007ffdb63a0000 - 0x00007ffdb63c2000 	C:\Windows\System32\win32u.dll
0x00007ffdb7c50000 - 0x00007ffdb7c7b000 	C:\Windows\System32\GDI32.dll
0x00007ffda68e0000 - 0x00007ffda6b7a000 	C:\Windows\WinSxS\amd64_microsoft.windows.common-controls_6595b64144ccf1df_6.0.19041.3636_none_60b6a03d71f818d5\COMCTL32.dll
0x00007ffdb6830000 - 0x00007ffdb6947000 	C:\Windows\System32\gdi32full.dll
0x00007ffdb6100000 - 0x00007ffdb619d000 	C:\Windows\System32\msvcp_win.dll
0x00007ffda5c30000 - 0x00007ffda5c3a000 	C:\Windows\SYSTEM32\VERSION.dll
0x00007ffdb6a10000 - 0x00007ffdb6a42000 	C:\Windows\System32\IMM32.DLL
0x00007ffda04f0000 - 0x00007ffda04fc000 	C:\Program Files\Java\jdk-17\bin\vcruntime140_1.dll
0x00007ffd844f0000 - 0x00007ffd8457e000 	C:\Program Files\Java\jdk-17\bin\msvcp140.dll
0x00007ffd832c0000 - 0x00007ffd83e9e000 	C:\Program Files\Java\jdk-17\bin\server\jvm.dll
0x00007ffdb8850000 - 0x00007ffdb8858000 	C:\Windows\System32\PSAPI.DLL
0x00007ffda0bd0000 - 0x00007ffda0bd9000 	C:\Windows\SYSTEM32\WSOCK32.dll
0x00007ffdb8260000 - 0x00007ffdb82cb000 	C:\Windows\System32\WS2_32.dll
0x00007ffda5e90000 - 0x00007ffda5eb7000 	C:\Windows\SYSTEM32\WINMM.dll
0x00007ffdb3f40000 - 0x00007ffdb3f52000 	C:\Windows\SYSTEM32\kernel.appcore.dll
0x00007ffd9f680000 - 0x00007ffd9f68a000 	C:\Program Files\Java\jdk-17\bin\jimage.dll
0x00007ffda4c20000 - 0x00007ffda4e04000 	C:\Windows\SYSTEM32\DBGHELP.DLL
0x00007ffda4890000 - 0x00007ffda48c4000 	C:\Windows\SYSTEM32\dbgcore.DLL
0x00007ffdb6980000 - 0x00007ffdb6a02000 	C:\Windows\System32\bcryptPrimitives.dll
0x00007ffd84860000 - 0x00007ffd84885000 	C:\Program Files\Java\jdk-17\bin\java.dll

dbghelp: loaded successfully - version: 4.0.5 - missing functions: none
symbol engine: initialized successfully - sym options: 0x614 - pdb path: .;C:\Program Files\Java\jdk-17\bin;C:\Windows\SYSTEM32;C:\Windows\WinSxS\amd64_microsoft.windows.common-controls_6595b64144ccf1df_6.0.19041.3636_none_60b6a03d71f818d5;C:\Program Files\Java\jdk-17\bin\server

VM Arguments:
jvm_args: -Dfile.encoding=UTF-8 -Xms1024m --module-path=C:\Users\dell\Documents\NetBeansProjects\college Management System\build\classes 
java_command: college.management.system.marks
java_class_path (initial): C:\Users\dell\Documents\mysql-connector-java-8.0.28.jar;C:\Users\dell\Documents\jcalendar-tz-1.3.3-4.jar;C:\Users\dell\Documents\rs2xml.jar;C:\Users\dell\Documents\NetBeansProjects\college Management System\build\classes
Launcher Type: SUN_STANDARD

[Global flags]
     intx CICompilerCount                          = 3                                         {product} {ergonomic}
     uint ConcGCThreads                            = 1                                         {product} {ergonomic}
     uint G1ConcRefinementThreads                  = 4                                         {product} {ergonomic}
   size_t G1HeapRegionSize                         = 1048576                                   {product} {ergonomic}
    uintx GCDrainStackTargetSize                   = 64                                        {product} {ergonomic}
   size_t InitialHeapSize                          = 1073741824                                {product} {command line}
   size_t MarkStackSize                            = 4194304                                   {product} {ergonomic}
   size_t MaxHeapSize                              = 1073741824                                {product} {ergonomic}
   size_t MinHeapDeltaBytes                        = 1048576                                   {product} {ergonomic}
   size_t MinHeapSize                              = 1073741824                                {product} {command line}
    uintx NonNMethodCodeHeapSize                   = 5832780                                {pd product} {ergonomic}
    uintx NonProfiledCodeHeapSize                  = 122912730                              {pd product} {ergonomic}
    uintx ProfiledCodeHeapSize                     = 122912730                              {pd product} {ergonomic}
    uintx ReservedCodeCacheSize                    = 251658240                              {pd product} {ergonomic}
     bool SegmentedCodeCache                       = true                                      {product} {ergonomic}
   size_t SoftMaxHeapSize                          = 1073741824                             {manageable} {ergonomic}
     bool UseCompressedClassPointers               = true                           {product lp64_product} {ergonomic}
     bool UseCompressedOops                        = true                           {product lp64_product} {ergonomic}
     bool UseG1GC                                  = true                                      {product} {ergonomic}
     bool UseLargePagesIndividualAllocation        = false                                  {pd product} {ergonomic}

Logging:
Log output configuration:
 #0: stdout all=warning uptime,level,tags
 #1: stderr all=off uptime,level,tags

Environment Variables:
PATH=C:\Program Files\Common Files\Oracle\Java\javapath;C:\Windows\system32;C:\Windows;C:\Windows\System32\Wbem;C:\Windows\System32\WindowsPowerShell\v1.0\;C:\Windows\System32\OpenSSH\;C:\Program Files\Java\jdk-17\bin;C:\Program Files\MySQL\MySQL Server 8.0\bin;C:\Program Files\MySQL\MySQL Shell 8.0\bin\;C:\Users\dell\AppData\Local\Programs\Python\Launcher\;C:\Users\dell\AppData\Local\Microsoft\WindowsApps;C:\Program Files\Java\jdk-17\bin;;C:\Users\dell\AppData\Local\Programs\Microsoft VS Code\bin
USERNAME=dell
OS=Windows_NT
PROCESSOR_IDENTIFIER=Intel64 Family 6 Model 58 Stepping 9, GenuineIntel



---------------  S Y S T E M  ---------------

OS:
 Windows 10 , 64 bit Build 19041 (10.0.19041.3636)
OS uptime: 0 days 0:34 hours

CPU: total 4 (initial active 4) (2 cores per cpu, 2 threads per core) family 6 model 58 stepping 9 microcode 0x21, cx8, cmov, fxsr, ht, mmx, sse, sse2, sse3, ssse3, sse4.1, sse4.2, popcnt, tsc, tscinvbit, avx, aes, erms, clmul, vzeroupper, clflush

Memory: 4k page, system-wide physical 3999M (536M free)
TotalPageFile size 16287M (AvailPageFile size 15M)
current process WorkingSet (physical memory assigned to process): 10M, peak: 10M
current process commit charge ("private bytes"): 1093M, peak: 1109M

vm_info: Java HotSpot(TM) 64-Bit Server VM (17.0.8+9-LTS-211) for windows-amd64 JRE (17.0.8+9-LTS-211), built on Jun 14 2023 10:34:31 by "mach5one" with MS VC++ 17.1 (VS2022)

END.
